#
# There is insufficient memory for the Java Runtime Environment to continue.
# Native memory allocation (mmap) failed to map 65536 bytes for Failed to commit area from 0x000001767c3e0000 to 0x000001767c3f0000 of length 65536.
# Possible reasons:
#   The system is out of physical RAM or swap space
#   The process is running with CompressedOops enabled, and the Java Heap may be blocking the growth of the native heap
# Possible solutions:
#   Reduce memory load on the system
#   Increase physical memory or swap space
#   Check if swap backing store is full
#   Decrease Java heap size (-Xmx/-Xms)
#   Decrease number of Java threads
#   Decrease Java thread stack sizes (-Xss)
#   Set larger code cache with -XX:ReservedCodeCacheSize=
# This output file may be truncated or incomplete.
#
#  Out of Memory Error (./src/hotspot/os/windows/os_windows.cpp:3301), pid=13740, tid=9800
#
# JRE version:  (11.0.10+9) (build )
# Java VM: Dynamic Code Evolution 64-Bit Server VM (11.0.10+9-b1341.41, mixed mode, sharing, tiered, compressed oops, g1 gc, windows-amd64)
# No core dump will be written. Minidumps are not enabled by default on client versions of Windows
#

---------------  S U M M A R Y ------------

Command Line: org.jetbrains.git4idea.http.GitAskPassApp Username for 'https://github.com': 

Host: AMD A10-9620P RADEON R5, 10 COMPUTE CORES 4C+6G, 4 cores, 6G,  Windows 10 , 64 bit Build 19041 (10.0.19041.928)
Time: Wed May 26 15:56:45 2021 Ô³íëÿíä³ÿ (ë³òî) elapsed time: 0.365853 seconds (0d 0h 0m 0s)

---------------  T H R E A D  ---------------

Current thread (0x0000017675fe0800):  JavaThread "Unknown thread" [_thread_in_vm, id=9800, stack(0x0000005a86c00000,0x0000005a86d00000)]

Stack: [0x0000005a86c00000,0x0000005a86d00000]
Native frames: (J=compiled Java code, j=interpreted, Vv=VM code, C=native code)
V  [jvm.dll+0x5f84fa]
V  [jvm.dll+0x77e085]
V  [jvm.dll+0x77f5dd]
V  [jvm.dll+0x77fc93]
V  [jvm.dll+0x2457e8]
V  [jvm.dll+0x5f58f4]
V  [jvm.dll+0x5ea975]
V  [jvm.dll+0x30228b]
V  [jvm.dll+0x3021fa]
V  [jvm.dll+0x3020d2]
V  [jvm.dll+0x3070c5]
V  [jvm.dll+0x34f867]
V  [jvm.dll+0x34ff46]
V  [jvm.dll+0x34f943]
V  [jvm.dll+0x2dbcb8]
V  [jvm.dll+0x2dce57]
V  [jvm.dll+0x75c4d7]
V  [jvm.dll+0x75dd6c]
V  [jvm.dll+0x35cdb9]
V  [jvm.dll+0x73fc9e]
V  [jvm.dll+0x3c5663]
V  [jvm.dll+0x3c7a21]
C  [jli.dll+0x5373]
C  [ucrtbase.dll+0x21bb2]
C  [KERNEL32.DLL+0x17034]
C  [ntdll.dll+0x52651]


---------------  P R O C E S S  ---------------

Threads class SMR info:
_java_thread_list=0x0000017673ed9740, length=0, elements={
}

Java Threads: ( => current thread )

Other Threads:
  0x0000017675ffb800 GCTaskThread "GC Thread#0" [stack: 0x0000005a86d00000,0x0000005a86e00000] [id=4024]
  0x000001767602a000 ConcurrentGCThread "G1 Main Marker" [stack: 0x0000005a86e00000,0x0000005a86f00000] [id=7500]
  0x000001767602c800 ConcurrentGCThread "G1 Conc#0" [stack: 0x0000005a86f00000,0x0000005a87000000] [id=8168]

[error occurred during error reporting (printing all threads), id 0xc0000005, EXCEPTION_ACCESS_VIOLATION (0xc0000005) at pc=0x00007ff81cfac437]

VM state:not at safepoint (not fully initialized)

VM Mutex/Monitor currently owned by a thread:  ([mutex/lock_event])
[0x0000017675fde170] Heap_lock - owner thread: 0x0000017675fe0800

Heap address: 0x0000000090800000, size: 1784 MB, Compressed Oops mode: Non-zero based: 0x0000000090800000
Narrow klass base: 0x0000000000000000, Narrow klass shift: 0

GC Heap History (0 events):
No events

Deoptimization events (0 events):
No events

Classes redefined (0 events):
No events

Internal exceptions (0 events):
No events

Events (1 events):
Event: 0.016 Loaded shared library E:\Program File\WebStorm 2020.3.2\jbr\bin\zip.dll


Dynamic libraries:
0x00007ff6ff4d0000 - 0x00007ff6ff4da000 	E:\Program File\WebStorm 2020.3.2\jbr\bin\java.exe
0x00007ff88dad0000 - 0x00007ff88dcc5000 	C:\WINDOWS\SYSTEM32\ntdll.dll
0x00007ff88c8f0000 - 0x00007ff88c9ad000 	C:\WINDOWS\System32\KERNEL32.DLL
0x00007ff88b5f0000 - 0x00007ff88b8b8000 	C:\WINDOWS\System32\KERNELBASE.dll
0x00007ff88b2c0000 - 0x00007ff88b3c0000 	C:\WINDOWS\System32\ucrtbase.dll
0x00007ff871c40000 - 0x00007ff871c57000 	E:\Program File\WebStorm 2020.3.2\jbr\bin\VCRUNTIME140.dll
0x00007ff874f40000 - 0x00007ff874f59000 	E:\Program File\WebStorm 2020.3.2\jbr\bin\jli.dll
0x00007ff88c720000 - 0x00007ff88c8c0000 	C:\WINDOWS\System32\USER32.dll
0x00007ff88bb00000 - 0x00007ff88bb22000 	C:\WINDOWS\System32\win32u.dll
0x00007ff87c5a0000 - 0x00007ff87c83a000 	C:\WINDOWS\WinSxS\amd64_microsoft.windows.common-controls_6595b64144ccf1df_6.0.19041.844_none_ca00b6081b84eb1d\COMCTL32.dll
0x00007ff88c8c0000 - 0x00007ff88c8ea000 	C:\WINDOWS\System32\GDI32.dll
0x00007ff88c0b0000 - 0x00007ff88c14e000 	C:\WINDOWS\System32\msvcrt.dll
0x00007ff88b4e0000 - 0x00007ff88b5eb000 	C:\WINDOWS\System32\gdi32full.dll
0x00007ff88b440000 - 0x00007ff88b4dd000 	C:\WINDOWS\System32\msvcp_win.dll
0x00007ff88d790000 - 0x00007ff88d7c0000 	C:\WINDOWS\System32\IMM32.DLL
0x00007ff859aa0000 - 0x00007ff859b3d000 	E:\Program File\WebStorm 2020.3.2\jbr\bin\msvcp140.dll
0x00007ff81ccc0000 - 0x00007ff81d80f000 	E:\Program File\WebStorm 2020.3.2\jbr\bin\server\jvm.dll
0x00007ff88ca90000 - 0x00007ff88cb3c000 	C:\WINDOWS\System32\ADVAPI32.dll
0x00007ff88cbf0000 - 0x00007ff88cc8b000 	C:\WINDOWS\System32\sechost.dll
0x00007ff88d870000 - 0x00007ff88d99b000 	C:\WINDOWS\System32\RPCRT4.dll
0x00007ff88da80000 - 0x00007ff88da88000 	C:\WINDOWS\System32\PSAPI.DLL
0x00007ff880a10000 - 0x00007ff880a1a000 	C:\WINDOWS\SYSTEM32\VERSION.dll
0x00007ff887350000 - 0x00007ff887359000 	C:\WINDOWS\SYSTEM32\WSOCK32.dll
0x00007ff88d440000 - 0x00007ff88d4ab000 	C:\WINDOWS\System32\WS2_32.dll
0x00007ff87dca0000 - 0x00007ff87dcc7000 	C:\WINDOWS\SYSTEM32\WINMM.dll
0x00007ff889c20000 - 0x00007ff889c32000 	C:\WINDOWS\SYSTEM32\kernel.appcore.dll
0x00007ff87f140000 - 0x00007ff87f151000 	E:\Program File\WebStorm 2020.3.2\jbr\bin\verify.dll
0x00007ff889880000 - 0x00007ff889a64000 	C:\WINDOWS\SYSTEM32\DBGHELP.DLL
0x00007ff87f430000 - 0x00007ff87f45c000 	C:\WINDOWS\SYSTEM32\dbgcore.DLL
0x00007ff88b3c0000 - 0x00007ff88b440000 	C:\WINDOWS\System32\bcryptPrimitives.dll
0x00007ff87e860000 - 0x00007ff87e889000 	E:\Program File\WebStorm 2020.3.2\jbr\bin\java.dll
0x00007ff887340000 - 0x00007ff88734b000 	E:\Program File\WebStorm 2020.3.2\jbr\bin\jimage.dll
0x00007ff873d10000 - 0x00007ff873d28000 	E:\Program File\WebStorm 2020.3.2\jbr\bin\zip.dll

dbghelp: loaded successfully - version: 4.0.5 - missing functions: none
symbol engine: initialized successfully - sym options: 0x614 - pdb path: .;E:\Program File\WebStorm 2020.3.2\jbr\bin;C:\WINDOWS\SYSTEM32;C:\WINDOWS\WinSxS\amd64_microsoft.windows.common-controls_6595b64144ccf1df_6.0.19041.844_none_ca00b6081b84eb1d;E:\Program File\WebStorm 2020.3.2\jbr\bin\server

VM Arguments:
java_command: org.jetbrains.git4idea.http.GitAskPassApp Username for 'https://github.com': 
java_class_path (initial): E:/Program File/WebStorm 2020.3.2/plugins/git4idea/lib/git4idea-rt.jar;E:/Program File/WebStorm 2020.3.2/lib/xmlrpc-2.0.1.jar;E:/Program File/WebStorm 2020.3.2/lib/commons-codec-1.15.jar
Launcher Type: SUN_STANDARD

[Global flags]
     intx CICompilerCount                          = 3                                         {product} {ergonomic}
     uint ConcGCThreads                            = 1                                         {product} {ergonomic}
     uint G1ConcRefinementThreads                  = 4                                         {product} {ergonomic}
   size_t G1HeapRegionSize                         = 1048576                                   {product} {ergonomic}
    uintx GCDrainStackTargetSize                   = 64                                        {product} {ergonomic}
   size_t InitialHeapSize                          = 117440512                                 {product} {ergonomic}
   size_t MarkStackSize                            = 4194304                                   {product} {ergonomic}
   size_t MaxHeapSize                              = 1870659584                                {product} {ergonomic}
   size_t MinHeapDeltaBytes                        = 1048576                                   {product} {ergonomic}
    uintx NonNMethodCodeHeapSize                   = 5830732                                {pd product} {ergonomic}
    uintx NonProfiledCodeHeapSize                  = 122913754                              {pd product} {ergonomic}
    uintx ProfiledCodeHeapSize                     = 122913754                              {pd product} {ergonomic}
    uintx ReservedCodeCacheSize                    = 251658240                              {pd product} {ergonomic}
     bool SegmentedCodeCache                       = true                                      {product} {ergonomic}
     bool UseCompressedClassPointers               = true                                 {lp64_product} {ergonomic}
     bool UseCompressedOops                        = true                                 {lp64_product} {ergonomic}
     bool UseG1GC                                  = true                                      {product} {ergonomic}
     bool UseLargePagesIndividualAllocation        = false                                  {pd product} {ergonomic}

Logging:
Log output configuration:
 #0: stdout all=warning uptime,level,tags
 #1: stderr all=off uptime,level,tags

Environment Variables:
PATH=C:/Program Files/Git/mingw64/libexec/git-core;C:/Program Files/Git/mingw64/libexec/git-core;C:\Program Files\Git\mingw64\bin;C:\Program Files\Git\usr\bin;C:\Users\s\bin;C:\Program Files (x86)\Common Files\Oracle\Java\javapath;C:\Program Files\Microsoft MPI\Bin\;C:\WINDOWS\system32;C:\WINDOWS;C:\WINDOWS\System32\Wbem;C:\WINDOWS\System32\WindowsPowerShell\v1.0\;C:\WINDOWS\System32\OpenSSH\;E:\Program File\bin\;C:\Program Files (x86)\Microsoft SQL Server\150\Tools\Binn\;C:\Program Files\Microsoft SQL Server\150\Tools\Binn\;C:\Program Files\Microsoft SQL Server\150\DTS\Binn\;C:\Program Files (x86)\Microsoft SQL Server\150\DTS\Binn\;C:\Program Files\Git\cmd;C:\Program Files\Azure Data Studio\bin;C:\Program Files\Microsoft SQL Server\Client SDK\ODBC\170\Tools\Binn\;C:\Program Files\dotnet\;C:\Program Files (x86)\dotnet\;C:\Users\s\AppData\Roaming\nvm;C:\Program Files\nodejs;C:\Program Files\Docker\Docker\resources\bin;C:\ProgramData\DockerDesktop\version-bin;C:\Users\s\AppData\Local\Programs\Python\Python39\Scripts\;C:\Users\s\AppData\Local\Programs\Python\Python39\; C:\Users\s\AppData\Roaming\nvm\nodejs;C:\Users\s\AppData\Roaming\npm;C:\Users\s\AppData\Roaming\nvm;C:\Program Files\nodejs;E:\Program File\Microsoft VS Code\bin;C:\Users\s\AppData\Local\Google\Cloud SDK\google-cloud-sdk\bin
USERNAME=s
DISPLAY=:0.0
LC_ALL=en_US.UTF-8
OS=Windows_NT
PROCESSOR_IDENTIFIER=AMD64 Family 21 Model 101 Stepping 1, AuthenticAMD



---------------  S Y S T E M  ---------------

OS: Windows 10 , 64 bit Build 19041 (10.0.19041.928)
OS uptime: 0 days 22:59 hours
Hyper-V role detected

CPU:total 4 (initial active 4) (4 cores per cpu, 1 threads per core) family 21 model 101 stepping 1 microcode 0x0, cmov, cx8, fxsr, mmx, sse, sse2, sse3, ssse3, sse4.1, sse4.2, popcnt, avx, avx2, aes, clmul, mmxext, 3dnowpref, lzcnt, sse4a, tsc, tscinvbit, tscinv, bmi1, bmi2, fma

Memory: 4k page, system-wide physical 7133M (1078M free)
TotalPageFile size 9533M (AvailPageFile size 4M)
current process WorkingSet (physical memory assigned to process): 11M, peak: 11M
current process commit charge ("private bytes"): 167M, peak: 167M

vm_info: Dynamic Code Evolution 64-Bit Server VM (11.0.10+9-b1341.41) for windows-amd64 JRE (11.0.10+9-b1341.41), built on Apr 17 2021 07:18:15 by "" with MS VC++ 14.0 (VS2015)

END.
